\BOOKMARK [1][-]{section.1}{\376\377\000S\000w\000e\000e\000p\000\040\0001\000:\000\040\000H\000y\000p\000e\000r\000p\000a\000r\000a\000m\000e\000t\000e\000r\000\040\000G\000r\000i\000d\000\040\000\050\000F\000e\000b\000\040\0002\0008\000,\000\040\0002\0000\0002\0006\000\051}{}% 1
\BOOKMARK [1][-]{section.2}{\376\377\000L\000o\000s\000s\000m\000a\000s\000k\000\040\000F\000i\000x\000\040\000+\000\040\000V\000e\000r\000i\000f\000i\000c\000a\000t\000i\000o\000n\000\040\000\050\000M\000a\000r\000\040\0003\000,\000\040\0002\0000\0002\0006\000\051}{}% 2
\BOOKMARK [1][-]{section.3}{\376\377\000S\000w\000e\000e\000p\000\040\0002\000:\000\040\000L\000o\000s\000s\000m\000a\000s\000k\000\040\000F\000i\000x\000\040\000V\000a\000l\000i\000d\000a\000t\000i\000o\000n\000\040\000\050\000M\000a\000r\000\040\0003\040\023\0004\000,\000\040\0002\0000\0002\0006\000\051}{}% 3
\BOOKMARK [2][-]{subsection.3.1}{\376\377\000B\000e\000n\000i\000g\000n\000\040\000E\000v\000a\000l\000\040\000M\000e\000t\000r\000i\000c\000\040\000B\000u\000g}{section.3}% 4
\BOOKMARK [2][-]{subsection.3.2}{\376\377\000T\000r\000a\000i\000n\000i\000n\000g\000\040\000D\000y\000n\000a\000m\000i\000c\000s\000:\000\040\000l\0001\0000\000\137\0002\0000\000\040\000v\000s\000\040\000l\0002\0000\000-\0003\0001}{section.3}% 5
\BOOKMARK [1][-]{section.4}{\376\377\000P\000a\000p\000e\000r\000\040\000I\000n\000s\000i\000g\000h\000t\000s\000\040\000A\000p\000p\000l\000i\000e\000d}{}% 6
\BOOKMARK [1][-]{section.5}{\376\377\000S\000w\000e\000e\000p\000\040\0003\000:\000\040\000E\000v\000a\000l\000\040\000F\000i\000x\000\040\000+\000\040\000L\000e\000g\000a\000c\000y\000\040\000C\000B\000\040\000\050\000M\000a\000r\000\040\0004\000,\000\040\0002\0000\0002\0006\000\051}{}% 7
\BOOKMARK [2][-]{subsection.5.1}{\376\377\000F\000i\000n\000d\000i\000n\000g\000\040\0001\000:\000\040\000l\000e\000g\000a\000c\000y\000\137\000c\000b\000\040\000i\000s\000\040\000c\000o\000m\000p\000l\000e\000t\000e\000l\000y\000\040\000b\000r\000o\000k\000e\000n\000\040\000f\000o\000r\000\040\000F\000u\000j\000i\000t\000s\000u}{section.5}% 8
\BOOKMARK [2][-]{subsection.5.2}{\376\377\000F\000i\000n\000d\000i\000n\000g\000\040\0002\000:\000\040\000N\000T\000P\000\040\000e\000v\000a\000l\000\040\000w\000o\000r\000k\000s}{section.5}% 9
\BOOKMARK [2][-]{subsection.5.3}{\376\377\000F\000i\000n\000d\000i\000n\000g\000\040\0003\000:\000\040\000F\000a\000i\000l\000u\000r\000e\000\040\000m\000o\000d\000e\000s\000\040\000f\000r\000o\000m\000\040\000t\000r\000a\000c\000e\000\040\000a\000n\000a\000l\000y\000s\000i\000s}{section.5}% 10
\BOOKMARK [2][-]{subsection.5.4}{\376\377\000F\000i\000n\000d\000i\000n\000g\000\040\0004\000:\000\040\000T\000r\000i\000p\000l\000e\000t\000\137\000B\000\040\000c\000o\000l\000l\000a\000p\000s\000e\000\040\000p\000a\000r\000a\000d\000o\000x}{section.5}% 11
\BOOKMARK [2][-]{subsection.5.5}{\376\377\000T\000r\000a\000i\000n\000i\000n\000g\000\040\000d\000y\000n\000a\000m\000i\000c\000s}{section.5}% 12
\BOOKMARK [1][-]{section.6}{\376\377\000P\000a\000p\000e\000r\000\040\000I\000n\000s\000i\000g\000h\000t\000s\000\040\000A\000p\000p\000l\000i\000e\000d\000\040\000\050\000U\000p\000d\000a\000t\000e\000d\000\051}{}% 13
\BOOKMARK [1][-]{section.7}{\376\377\000S\000w\000e\000e\000p\000\040\0004\000:\000\040\000R\000e\000p\000r\000o\000d\000u\000c\000t\000i\000o\000n\000\040\000\050\000M\000a\000r\000\040\0004\000,\000\040\0002\0000\0002\0006\000,\000\040\000r\000u\000n\000\040\0002\000\051}{}% 14
\BOOKMARK [2][-]{subsection.7.1}{\376\377\000R\000e\000p\000r\000o\000d\000u\000c\000i\000b\000i\000l\000i\000t\000y\000:\000\040\000E\000x\000c\000e\000l\000l\000e\000n\000t\000\040\000\050\0002\000p\000p\000\051}{section.7}% 15
\BOOKMARK [2][-]{subsection.7.2}{\376\377\000F\000i\000n\000d\000i\000n\000g\000\040\0005\000:\000\040\000B\000a\000s\000e\000l\000i\000n\000e\000\040\000N\000T\000P\000\040\000c\000e\000i\000l\000i\000n\000g\000\040\000i\000s\000\040\0002\0001\000\045\000\040\000\050\000A\000N\000S\000W\000E\000R\000E\000D\000\051}{section.7}% 16
\BOOKMARK [2][-]{subsection.7.3}{\376\377\000F\000i\000n\000d\000i\000n\000g\000\040\0006\000:\000\040\000l\000e\000g\000a\000c\000y\000\137\000c\000b\000\040\000g\000r\000a\000d\000i\000e\000n\000t\000\040\000f\000a\000i\000l\000u\000r\000e\000\040\000\050\000d\000e\000e\000p\000e\000r\000\040\000r\000o\000o\000t\000\040\000c\000a\000u\000s\000e\000\051}{section.7}% 17
\BOOKMARK [2][-]{subsection.7.4}{\376\377\000F\000i\000n\000d\000i\000n\000g\000\040\0007\000:\000\040\000t\000r\000i\000p\000\137\000p\000i\000o\000\040\000i\000n\000c\000r\000e\000a\000s\000e\000s\000\040\000A\000D\000\040\000m\000a\000l\000i\000c\000i\000o\000u\000s\000\040\000r\000a\000t\000e}{section.7}% 18
\BOOKMARK [2][-]{subsection.7.5}{\376\377\000T\000r\000a\000i\000n\000i\000n\000g\000\040\000d\000y\000n\000a\000m\000i\000c\000s\000\040\000d\000e\000t\000a\000i\000l}{section.7}% 19
\BOOKMARK [1][-]{section.8}{\376\377\000C\000o\000n\000c\000l\000u\000s\000i\000o\000n\000s\000\040\000\050\000U\000p\000d\000a\000t\000e\000d\000\040\000M\000a\000r\000\040\0004\000\051}{}% 20
\BOOKMARK [1][-]{section.9}{\376\377\000P\000a\000p\000e\000r\000\040\000I\000n\000s\000i\000g\000h\000t\000s\000\040\000A\000p\000p\000l\000i\000e\000d\000\040\000\050\000F\000i\000n\000a\000l\000\051}{}% 21
\BOOKMARK [1][-]{section.10}{\376\377\000S\000w\000e\000e\000p\000\040\0005\000:\000\040\000C\000o\000n\000t\000r\000a\000s\000t\000i\000v\000e\000\040\000T\000r\000a\000i\000n\000i\000n\000g\000\040\000\050\000M\000a\000r\000\040\0005\000,\000\040\0002\0000\0002\0006\000\051}{}% 22
\BOOKMARK [1][-]{section.11}{\376\377\000S\000w\000e\000e\000p\000\040\0006\000\040\000P\000l\000a\000n\000:\000\040\000B\000a\000l\000a\000n\000c\000e\000d\000\040\000T\000r\000a\000i\000n\000i\000n\000g\000\040\000\050\000M\000a\000r\000\040\0005\000,\000\040\0002\0000\0002\0006\000\051}{}% 23
\BOOKMARK [1][-]{section.12}{\376\377\000D\000a\000t\000a\000\040\000A\000u\000g\000m\000e\000n\000t\000a\000t\000i\000o\000n\000:\000\040\000L\000L\000M\000-\000B\000a\000s\000e\000d\000\040\000T\000r\000a\000c\000e\000\040\000C\000o\000m\000p\000l\000e\000t\000i\000o\000n\000\040\000\050\000M\000a\000r\000\040\0005\000,\000\040\0002\0000\0002\0006\000\051}{}% 24
\BOOKMARK [2][-]{subsection.12.1}{\376\377\000P\000r\000o\000b\000l\000e\000m\000:\000\040\000S\000k\000e\000l\000e\000t\000o\000n\000s\000\040\000C\000a\000n\000'\000t\000\040\000D\000r\000i\000v\000e\000\040\000R\000e\000p\000r\000e\000s\000e\000n\000t\000a\000t\000i\000o\000n\000\040\000R\000e\000r\000o\000u\000t\000i\000n\000g}{section.12}% 25
\BOOKMARK [2][-]{subsection.12.2}{\376\377\000S\000o\000l\000u\000t\000i\000o\000n\000:\000\040\000L\000L\000M\000-\000B\000a\000s\000e\000d\000\040\000S\000k\000e\000l\000e\000t\000o\000n\000\040\000C\000o\000m\000p\000l\000e\000t\000i\000o\000n}{section.12}% 26
\BOOKMARK [2][-]{subsection.12.3}{\376\377\000F\000u\000l\000l\000\040\000A\000u\000g\000m\000e\000n\000t\000a\000t\000i\000o\000n\000\040\000P\000i\000p\000e\000l\000i\000n\000e}{section.12}% 27
\BOOKMARK [2][-]{subsection.12.4}{\376\377\000W\000h\000y\000\040\000T\000h\000i\000s\000\040\000S\000h\000o\000u\000l\000d\000\040\000W\000o\000r\000k\000\040\000\050\000L\000i\000t\000e\000r\000a\000t\000u\000r\000e\000-\000I\000n\000f\000o\000r\000m\000e\000d\000\051}{section.12}% 28
\BOOKMARK [2][-]{subsection.12.5}{\376\377\000L\000o\000c\000a\000l\000\040\000V\000e\000r\000i\000f\000i\000c\000a\000t\000i\000o\000n\000\040\000R\000e\000s\000u\000l\000t\000s}{section.12}% 29
\BOOKMARK [2][-]{subsection.12.6}{\376\377\000C\000l\000u\000s\000t\000e\000r\000\040\000E\000x\000e\000c\000u\000t\000i\000o\000n\000\040\000P\000l\000a\000n}{section.12}% 30
\BOOKMARK [1][-]{section.13}{\376\377\000T\000r\000a\000c\000e\000\040\000F\000o\000r\000m\000a\000t\000\040\000A\000n\000a\000l\000y\000s\000i\000s\000:\000\040\000W\000h\000a\000t\000\040\000I\000s\000\040\000O\000p\000t\000i\000m\000a\000l\000\040\000f\000o\000r\000\040\000C\000i\000r\000c\000u\000i\000t\000-\000B\000r\000e\000a\000k\000i\000n\000g\000?}{}% 31
\BOOKMARK [2][-]{subsection.13.1}{\376\377\000H\000o\000w\000\040\000E\000a\000c\000h\000\040\000P\000a\000p\000e\000r\000\040\000F\000o\000r\000m\000a\000t\000s\000\040\000T\000r\000a\000i\000n\000i\000n\000g\000\040\000D\000a\000t\000a}{section.13}% 32
\BOOKMARK [2][-]{subsection.13.2}{\376\377\000S\000i\000x\000\040\000K\000e\000y\000\040\000F\000i\000n\000d\000i\000n\000g\000s}{section.13}% 33
\BOOKMARK [2][-]{subsection.13.3}{\376\377\000C\000o\000n\000c\000l\000u\000s\000i\000o\000n\000:\000\040\000T\000h\000e\000\040\000N\000a\000t\000i\000v\000e\000\040\000L\000l\000a\000m\000a\000\040\0003\000.\0001\000\040\000A\000g\000e\000n\000t\000i\000c\000\040\000F\000o\000r\000m\000a\000t\000\040\000I\000s\000\040\000O\000p\000t\000i\000m\000a\000l}{section.13}% 34
\BOOKMARK [1][-]{section.14}{\376\377\000S\000w\000e\000e\000p\000\040\0006\000:\000\040\000C\000o\000m\000p\000l\000e\000t\000e\000d\000\040\000T\000r\000a\000c\000e\000s\000\040\000+\000\040\000S\000i\000m\000p\000l\000i\000f\000i\000e\000d\000\040\000P\000i\000p\000e\000l\000i\000n\000e\000\040\000\050\000M\000a\000r\000\040\0006\000,\000\040\0002\0000\0002\0006\000\051}{}% 35
\BOOKMARK [2][-]{subsection.14.1}{\376\377\000M\000o\000t\000i\000v\000a\000t\000i\000o\000n\000:\000\040\000F\000r\000o\000m\000\040\000S\000k\000e\000l\000e\000t\000o\000n\000s\000\040\000t\000o\000\040\000F\000u\000l\000l\000\040\000T\000r\000a\000c\000e\000s}{section.14}% 36
\BOOKMARK [2][-]{subsection.14.2}{\376\377\000P\000i\000p\000e\000l\000i\000n\000e\000\040\000S\000i\000m\000p\000l\000i\000f\000i\000c\000a\000t\000i\000o\000n}{section.14}% 37
\BOOKMARK [2][-]{subsection.14.3}{\376\377\000T\000r\000a\000i\000n\000i\000n\000g\000\040\000D\000a\000t\000a\000\040\000S\000u\000m\000m\000a\000r\000y}{section.14}% 38
\BOOKMARK [2][-]{subsection.14.4}{\376\377\000K\000e\000y\000\040\000D\000i\000f\000f\000e\000r\000e\000n\000c\000e\000s\000\040\000f\000r\000o\000m\000\040\000S\000w\000e\000e\000p\000\040\0005}{section.14}% 39
\BOOKMARK [2][-]{subsection.14.5}{\376\377\000H\000y\000p\000o\000t\000h\000e\000s\000e\000s}{section.14}% 40
\BOOKMARK [2][-]{subsection.14.6}{\376\377\000C\000o\000n\000f\000i\000g\000u\000r\000a\000t\000i\000o\000n}{section.14}% 41
\BOOKMARK [1][-]{section.15}{\376\377\000S\000w\000e\000e\000p\000\040\0007\000:\000\040\000F\000u\000l\000l\000\040\000P\000i\000p\000e\000l\000i\000n\000e\000\040\000w\000i\000t\000h\000\040\000C\000o\000m\000p\000l\000e\000t\000e\000d\000\040\000T\000r\000a\000c\000e\000s\000\040\000\050\000M\000a\000r\000\040\0007\000,\000\040\0002\0000\0002\0006\000\051}{}% 42
\BOOKMARK [1][-]{section.16}{\376\377\000S\000w\000e\000e\000p\000\040\0008\000:\000\040\000T\000o\000o\000l\000\040\000S\000c\000h\000e\000m\000a\000\040\000B\000u\000g\000\040\000+\000\040\000A\000D\000\040\000B\000a\000s\000e\000l\000i\000n\000e\000\040\000\050\000M\000a\000r\000\040\0008\000,\000\040\0002\0000\0002\0006\000\051}{}% 43
\BOOKMARK [1][-]{section.17}{\376\377\000S\000w\000e\000e\000p\000\040\0009\000:\000\040\000F\000i\000r\000s\000t\000\040\000A\000D\000\040\000S\000i\000g\000n\000a\000l\000\040\000\050\000M\000a\000r\000\040\0008\040\023\0009\000,\000\040\0002\0000\0002\0006\000\051}{}% 44
\BOOKMARK [1][-]{section.18}{\376\377\000T\000r\000a\000i\000n\000i\000n\000g\000\040\000I\000n\000e\000f\000f\000i\000c\000i\000e\000n\000c\000y\000\040\000A\000n\000a\000l\000y\000s\000i\000s\000\040\000\050\000M\000a\000r\000\040\0009\000,\000\040\0002\0000\0002\0006\000\051}{}% 45
\BOOKMARK [2][-]{subsection.18.1}{\376\377\000B\000u\000g\000\040\0001\000:\000\040\000A\000l\000p\000h\000a\000\040\000D\000e\000c\000a\000y\000\040\000K\000i\000l\000l\000s\000\040\000P\000u\000s\000h\000\040\000a\000t\000\040\000T\000r\000a\000i\000n\000i\000n\000g\000\040\000E\000n\000d}{section.18}% 46
\BOOKMARK [2][-]{subsection.18.2}{\376\377\000B\000u\000g\000\040\0002\000:\000\040\000M\000a\000r\000g\000i\000n\000\040\000S\000a\000t\000u\000r\000a\000t\000e\000s\000\040\000I\000n\000s\000t\000a\000n\000t\000l\000y}{section.18}% 47
\BOOKMARK [2][-]{subsection.18.3}{\376\377\000B\000u\000g\000\040\0003\000:\000\040\000K\000L\000\040\000F\000i\000g\000h\000t\000s\000\040\000t\000h\000e\000\040\000P\000u\000s\000h}{section.18}% 48
\BOOKMARK [2][-]{subsection.18.4}{\376\377\000B\000u\000g\000\040\0004\000:\000\040\000L\000R\000\040\000D\000e\000c\000a\000y\000s\000\040\000o\000n\000\040\000T\000o\000p\000\040\000o\000f\000\040\000A\000l\000p\000h\000a}{section.18}% 49
\BOOKMARK [2][-]{subsection.18.5}{\376\377\000C\000o\000m\000b\000i\000n\000e\000d\000\040\000E\000f\000f\000e\000c\000t}{section.18}% 50
\BOOKMARK [1][-]{section.19}{\376\377\000S\000w\000e\000e\000p\000\040\0001\0000\000:\000\040\000S\000c\000h\000e\000d\000u\000l\000e\000\040\000F\000i\000x\000\040\000\050\000M\000a\000r\000\040\0009\000,\000\040\0002\0000\0002\0006\000\051}{}% 51
\BOOKMARK [2][-]{subsection.19.1}{\376\377\000R\000e\000s\000u\000l\000t\000s}{section.19}% 52
\BOOKMARK [2][-]{subsection.19.2}{\376\377\000T\000r\000a\000i\000n\000i\000n\000g\000\040\000D\000y\000n\000a\000m\000i\000c\000s}{section.19}% 53
\BOOKMARK [2][-]{subsection.19.3}{\376\377\000O\000u\000t\000p\000u\000t\000\040\000Q\000u\000a\000l\000i\000t\000y}{section.19}% 54
\BOOKMARK [2][-]{subsection.19.4}{\376\377\000I\000n\000t\000e\000r\000p\000r\000e\000t\000a\000t\000i\000o\000n\000\040\000\050\000a\000d\000\137\0003\0000\0000\0000\000\137\000v\0002\000\040\000o\000n\000l\000y\000\051}{section.19}% 55
\BOOKMARK [2][-]{subsection.19.5}{\376\377\000F\000u\000l\000l\000\040\000S\000w\000e\000e\000p\000\040\0001\0000\000\040\000R\000e\000s\000u\000l\000t\000s\000:\000\040\000a\000d\000\137\0001\0000\0000\0000\000\137\000v\0002\000,\000\040\000a\000d\000\137\0003\0000\0000\0000\000\137\000v\0002\000,\000\040\000a\000d\000\137\0005\0000\0000\0000\000\137\000v\0002}{section.19}% 56
\BOOKMARK [2][-]{subsection.19.6}{\376\377\000T\000h\000r\000e\000e\000-\000P\000h\000a\000s\000e\000\040\000T\000r\000a\000i\000n\000i\000n\000g\000\040\000D\000y\000n\000a\000m\000i\000c}{section.19}% 57
\BOOKMARK [2][-]{subsection.19.7}{\376\377\000C\000r\000o\000s\000s\000-\000D\000a\000t\000a\000s\000e\000t\000\040\000D\000i\000v\000e\000r\000g\000e\000n\000c\000e\000:\000\040\000F\000u\000j\000i\000t\000s\000u\000\040\000v\000s\000\040\000A\000g\000e\000n\000t\000D\000o\000j\000o}{section.19}% 58
\BOOKMARK [1][-]{section.20}{\376\377\000P\000r\000o\000b\000e\000\040\000D\000i\000a\000g\000n\000o\000s\000t\000i\000c\000:\000\040\000R\000e\000p\000r\000e\000s\000e\000n\000t\000a\000t\000i\000o\000n\000\040\000S\000e\000p\000a\000r\000a\000b\000i\000l\000i\000t\000y\000\040\000\050\000M\000a\000r\000\040\0009\000,\000\040\0002\0000\0002\0006\000\051}{}% 59
\BOOKMARK [2][-]{subsection.20.1}{\376\377\000T\000e\000s\000t\000\040\0001\000:\000\040\000H\000a\000r\000m\000f\000u\000l\000\040\000v\000s\000\040\000B\000e\000n\000i\000g\000n\000\040\000\050\000D\000i\000f\000f\000e\000r\000e\000n\000t\000\040\000C\000o\000n\000t\000e\000x\000t\000\051}{section.20}% 60
\BOOKMARK [2][-]{subsection.20.2}{\376\377\000T\000e\000s\000t\000\040\0002\000:\000\040\000H\000a\000r\000m\000f\000u\000l\000\040\000v\000s\000\040\000R\000e\000f\000u\000s\000a\000l\000\040\000\050\000S\000a\000m\000e\000\040\000I\000n\000j\000e\000c\000t\000i\000o\000n\000\040\000C\000o\000n\000t\000e\000x\000t\000\051}{section.20}% 61
\BOOKMARK [2][-]{subsection.20.3}{\376\377\000T\000e\000s\000t\000\040\0003\000:\000\040\000A\000l\000l\000\040\0003\0002\000\040\000L\000a\000y\000e\000r\000s\000\040\000\050\000l\000a\000s\000t\000\137\000t\000o\000k\000e\000n\000\040\000+\000\040\000M\000L\000P\000,\000\040\000h\000a\000r\000m\000f\000u\000l\000\040\000v\000s\000.\000\040\000b\000e\000n\000i\000g\000n\000\051}{section.20}% 62
\BOOKMARK [2][-]{subsection.20.4}{\376\377\000S\000y\000n\000t\000h\000e\000s\000i\000s\000:\000\040\000T\000h\000e\000\040\000S\000e\000l\000e\000c\000t\000i\000v\000i\000t\000y\000\040\000P\000r\000o\000b\000l\000e\000m}{section.20}% 63
\BOOKMARK [1][-]{section.21}{\376\377\000S\000y\000n\000t\000h\000e\000t\000i\000c\000\040\000R\000e\000f\000u\000s\000a\000l\000\040\000T\000r\000a\000c\000e\000s}{}% 64
\BOOKMARK [1][-]{section.22}{\376\377\000S\000w\000e\000e\000p\000\040\0001\0001\000:\000\040\000S\000t\000e\000p\000\040\000S\000w\000e\000e\000p\000\040\000\050\000M\000a\000r\000\040\0009\000,\000\040\0002\0000\0002\0006\000\040\040\024\000\040\000P\000l\000a\000n\000n\000e\000d\000\051}{}% 65
\BOOKMARK [1][-]{section.23}{\376\377\000L\000e\000s\000s\000o\000n\000s\000\040\000L\000e\000a\000r\000n\000e\000d\000\040\000\050\000C\000u\000m\000u\000l\000a\000t\000i\000v\000e\000\051}{}% 66
